<?xml version="1.0" encoding="UTF-8"?>
<!-- Generated by org.testng.reporters.JUnitReportReporter -->
<testsuite hostname="Venkat" name="samplepakage.TestNgWebsite" tests="3" failures="0" timestamp="14 May 2016 15:28:27 GMT" time="22.106" errors="0">
  <testcase name="openfacebook" time="6.661" classname="samplepakage.TestNgWebsite"/>
  <testcase name="opengoogle" time="7.223" classname="samplepakage.TestNgWebsite"/>
  <testcase name="opengmail" time="8.222" classname="samplepakage.TestNgWebsite"/>
</testsuite> <!-- samplepakage.TestNgWebsite -->
