<?xml version="1.0" encoding="UTF-8"?>
<!-- Generated by org.testng.reporters.JUnitReportReporter -->
<testsuite hostname="Venkat" name="samplepakage.SampleTestNgclass" tests="2" failures="0" timestamp="14 May 2016 00:00:22 GMT" time="0.011" errors="0">
  <testcase name="checking" time="0.006" classname="samplepakage.SampleTestNgclass"/>
  <testcase name="Processing" time="0.005" classname="samplepakage.SampleTestNgclass"/>
</testsuite> <!-- samplepakage.SampleTestNgclass -->
